# JRE version: Java(TM) SE Runtime Environment (8.0_101-b13) (build 1.8.0_101-b13)
# Java VM: Java HotSpot(TM) 64-Bit Server VM (25.101-b13 mixed mode windows-amd64 compressed oops)
Heap:
 PSYoungGen      total 139264K, used 56413K [0x00000000eb380000, 0x00000000f9280000, 0x0000000100000000)
  eden space 126464K, 44% used [0x00000000eb380000,0x00000000eea97420,0x00000000f2f00000)
  from space 12800K, 0% used [0x00000000f2f00000,0x00000000f2f00000,0x00000000f3b80000)
  to   space 12800K, 0% used [0x00000000f8600000,0x00000000f8600000,0x00000000f9280000)
 ParOldGen       total 52736K, used 21477K [0x00000000c1a00000, 0x00000000c4d80000, 0x00000000eb380000)
  object space 52736K, 40% used [0x00000000c1a00000,0x00000000c2ef97e8,0x00000000c4d80000)
 Metaspace       used 24711K, capacity 25382K, committed 25600K, reserved 1071104K
  class space    used 2845K, capacity 3027K, committed 3072K, reserved 1048576K
GC Heap History (10 events):
Event: 5.093 GC heap before
{Heap before GC invocations=6 (full 0):
 PSYoungGen      total 35328K, used 35312K [0x00000000eb380000, 0x00000000f0080000, 0x0000000100000000)
  eden space 32768K, 100% used [0x00000000eb380000,0x00000000ed380000,0x00000000ed380000)
  from space 2560K, 99% used [0x00000000ed380000,0x00000000ed5fc010,0x00000000ed600000)
  to   space 6656K, 0% used [0x00000000efa00000,0x00000000efa00000,0x00000000f0080000)
 ParOldGen       total 44032K, used 7562K [0x00000000c1a00000, 0x00000000c4500000, 0x00000000eb380000)
  object space 44032K, 17% used [0x00000000c1a00000,0x00000000c21629b8,0x00000000c4500000)
 Metaspace       used 12849K, capacity 13166K, committed 13440K, reserved 1060864K
  class space    used 1535K, capacity 1625K, committed 1664K, reserved 1048576K
Event: 5.110 GC heap after
Heap after GC invocations=6 (full 0):
 PSYoungGen      total 71168K, used 4336K [0x00000000eb380000, 0x00000000eff80000, 0x0000000100000000)
  eden space 65536K, 0% used [0x00000000eb380000,0x00000000eb380000,0x00000000ef380000)
  from space 5632K, 76% used [0x00000000efa00000,0x00000000efe3c010,0x00000000eff80000)
  to   space 6144K, 0% used [0x00000000ef380000,0x00000000ef380000,0x00000000ef980000)
 ParOldGen       total 44032K, used 7562K [0x00000000c1a00000, 0x00000000c4500000, 0x00000000eb380000)
  object space 44032K, 17% used [0x00000000c1a00000,0x00000000c21629b8,0x00000000c4500000)
 Metaspace       used 12849K, capacity 13166K, committed 13440K, reserved 1060864K
  class space    used 1535K, capacity 1625K, committed 1664K, reserved 1048576K
}
Event: 9.466 GC heap before
{Heap before GC invocations=7 (full 0):
 PSYoungGen      total 71168K, used 69872K [0x00000000eb380000, 0x00000000eff80000, 0x0000000100000000)
  eden space 65536K, 100% used [0x00000000eb380000,0x00000000ef380000,0x00000000ef380000)
  from space 5632K, 76% used [0x00000000efa00000,0x00000000efe3c010,0x00000000eff80000)
  to   space 6144K, 0% used [0x00000000ef380000,0x00000000ef380000,0x00000000ef980000)
 ParOldGen       total 44032K, used 7562K [0x00000000c1a00000, 0x00000000c4500000, 0x00000000eb380000)
  object space 44032K, 17% used [0x00000000c1a00000,0x00000000c21629b8,0x00000000c4500000)
 Metaspace       used 16797K, capacity 17250K, committed 17536K, reserved 1064960K
  class space    used 2045K, capacity 2137K, committed 2176K, reserved 1048576K
Event: 9.485 GC heap after
Heap after GC invocations=7 (full 0):
 PSYoungGen      total 71680K, used 6112K [0x00000000eb380000, 0x00000000f4380000, 0x0000000100000000)
  eden space 65536K, 0% used [0x00000000eb380000,0x00000000eb380000,0x00000000ef380000)
  from space 6144K, 99% used [0x00000000ef380000,0x00000000ef978060,0x00000000ef980000)
  to   space 8192K, 0% used [0x00000000f3b80000,0x00000000f3b80000,0x00000000f4380000)
 ParOldGen       total 44032K, used 9449K [0x00000000c1a00000, 0x00000000c4500000, 0x00000000eb380000)
  object space 44032K, 21% used [0x00000000c1a00000,0x00000000c233a468,0x00000000c4500000)
 Metaspace       used 16797K, capacity 17250K, committed 17536K, reserved 1064960K
  class space    used 2045K, capacity 2137K, committed 2176K, reserved 1048576K
}
Event: 11.632 GC heap before
{Heap before GC invocations=8 (full 0):
 PSYoungGen      total 71680K, used 71648K [0x00000000eb380000, 0x00000000f4380000, 0x0000000100000000)
  eden space 65536K, 100% used [0x00000000eb380000,0x00000000ef380000,0x00000000ef380000)
  from space 6144K, 99% used [0x00000000ef380000,0x00000000ef978060,0x00000000ef980000)
  to   space 8192K, 0% used [0x00000000f3b80000,0x00000000f3b80000,0x00000000f4380000)
 ParOldGen       total 44032K, used 9449K [0x00000000c1a00000, 0x00000000c4500000, 0x00000000eb380000)
  object space 44032K, 21% used [0x00000000c1a00000,0x00000000c233a468,0x00000000c4500000)
 Metaspace       used 20160K, capacity 20648K, committed 20992K, reserved 1067008K
  class space    used 2361K, capacity 2458K, committed 2560K, reserved 1048576K
Event: 11.657 GC heap after
Heap after GC invocations=8 (full 0):
 PSYoungGen      total 134656K, used 8170K [0x00000000eb380000, 0x00000000f4c80000, 0x0000000100000000)
  eden space 126464K, 0% used [0x00000000eb380000,0x00000000eb380000,0x00000000f2f00000)
  from space 8192K, 99% used [0x00000000f3b80000,0x00000000f437abd8,0x00000000f4380000)
  to   space 12800K, 0% used [0x00000000f2f00000,0x00000000f2f00000,0x00000000f3b80000)
 ParOldGen       total 44032K, used 18072K [0x00000000c1a00000, 0x00000000c4500000, 0x00000000eb380000)
  object space 44032K, 41% used [0x00000000c1a00000,0x00000000c2ba60d0,0x00000000c4500000)
 Metaspace       used 20160K, capacity 20648K, committed 20992K, reserved 1067008K
  class space    used 2361K, capacity 2458K, committed 2560K, reserved 1048576K
}
Event: 12.926 GC heap before
{Heap before GC invocations=9 (full 0):
 PSYoungGen      total 134656K, used 54456K [0x00000000eb380000, 0x00000000f4c80000, 0x0000000100000000)
  eden space 126464K, 36% used [0x00000000eb380000,0x00000000ee0b3738,0x00000000f2f00000)
  from space 8192K, 99% used [0x00000000f3b80000,0x00000000f437abd8,0x00000000f4380000)
  to   space 12800K, 0% used [0x00000000f2f00000,0x00000000f2f00000,0x00000000f3b80000)
 ParOldGen       total 44032K, used 18072K [0x00000000c1a00000, 0x00000000c4500000, 0x00000000eb380000)
  object space 44032K, 41% used [0x00000000c1a00000,0x00000000c2ba60d0,0x00000000c4500000)
 Metaspace       used 20620K, capacity 21096K, committed 21248K, reserved 1069056K
  class space    used 2368K, capacity 2458K, committed 2560K, reserved 1048576K
Event: 12.944 GC heap after
Heap after GC invocations=9 (full 0):
 PSYoungGen      total 139264K, used 7110K [0x00000000eb380000, 0x00000000f9280000, 0x0000000100000000)
  eden space 126464K, 0% used [0x00000000eb380000,0x00000000eb380000,0x00000000f2f00000)
  from space 12800K, 55% used [0x00000000f2f00000,0x00000000f35f1868,0x00000000f3b80000)
  to   space 12800K, 0% used [0x00000000f8600000,0x00000000f8600000,0x00000000f9280000)
 ParOldGen       total 44032K, used 20312K [0x00000000c1a00000, 0x00000000c4500000, 0x00000000eb380000)
  object space 44032K, 46% used [0x00000000c1a00000,0x00000000c2dd60f0,0x00000000c4500000)
 Metaspace       used 20620K, capacity 21096K, committed 21248K, reserved 1069056K
  class space    used 2368K, capacity 2458K, committed 2560K, reserved 1048576K
}
Event: 12.944 GC heap before
{Heap before GC invocations=10 (full 1):
 PSYoungGen      total 139264K, used 7110K [0x00000000eb380000, 0x00000000f9280000, 0x0000000100000000)
  eden space 126464K, 0% used [0x00000000eb380000,0x00000000eb380000,0x00000000f2f00000)
  from space 12800K, 55% used [0x00000000f2f00000,0x00000000f35f1868,0x00000000f3b80000)
  to   space 12800K, 0% used [0x00000000f8600000,0x00000000f8600000,0x00000000f9280000)
 ParOldGen       total 44032K, used 20312K [0x00000000c1a00000, 0x00000000c4500000, 0x00000000eb380000)
  object space 44032K, 46% used [0x00000000c1a00000,0x00000000c2dd60f0,0x00000000c4500000)
 Metaspace       used 20620K, capacity 21096K, committed 21248K, reserved 1069056K
  class space    used 2368K, capacity 2458K, committed 2560K, reserved 1048576K
Event: 13.093 GC heap after
Heap after GC invocations=10 (full 1):
 PSYoungGen      total 139264K, used 0K [0x00000000eb380000, 0x00000000f9280000, 0x0000000100000000)
  eden space 126464K, 0% used [0x00000000eb380000,0x00000000eb380000,0x00000000f2f00000)
  from space 12800K, 0% used [0x00000000f2f00000,0x00000000f2f00000,0x00000000f3b80000)
  to   space 12800K, 0% used [0x00000000f8600000,0x00000000f8600000,0x00000000f9280000)
 ParOldGen       total 52736K, used 21477K [0x00000000c1a00000, 0x00000000c4d80000, 0x00000000eb380000)
  object space 52736K, 40% used [0x00000000c1a00000,0x00000000c2ef97e8,0x00000000c4d80000)
 Metaspace       used 20620K, capacity 21096K, committed 21248K, reserved 1069056K
  class space    used 2368K, capacity 2458K, committed 2560K, reserved 1048576K
}

